# JRE version: OpenJDK Runtime Environment Temurin-19.0.2+7 (19.0.2+7) (build 19.0.2+7)
# Java VM: OpenJDK 64-Bit Server VM Temurin-19.0.2+7 (19.0.2+7, mixed mode, sharing, tiered, compressed oops, compressed class ptrs, g1 gc, windows-amd64)
GC Precious Log:
 CardTable entry size: 512
 Card Set container configuration: InlinePtr #cards 5 size 8 Array Of Cards #cards 12 size 40 Howl #buckets 4 coarsen threshold 1843 Howl Bitmap #cards 512 size 80 coarsen threshold 460 Card regions per heap region 1 cards per card region 2048
 CPUs: 8 total, 8 available
 Memory: 7969M
 Large Page Support: Disabled
 NUMA Support: Disabled
 Compressed Oops: Enabled (32-bit)
 Heap Region Size: 1M
 Heap Min Capacity: 8M
 Heap Initial Capacity: 126M
 Heap Max Capacity: 1G
 Pre-touch: Disabled
 Parallel Workers: 8
 Concurrent Workers: 2
 Concurrent Refinement Workers: 8
 Periodic GC: Disabled
 String Deduplication is enabled
Heap:
 garbage-first heap   total 125952K, used 68242K [0x00000000c0000000, 0x0000000100000000)
  region size 1024K, 28 young (28672K), 3 survivors (3072K)
 Metaspace       used 25863K, committed 26560K, reserved 1114112K
  class space    used 2589K, committed 2944K, reserved 1048576K
GC Heap History (20 events):
Event: 6.919 GC heap before
{Heap before GC invocations=1 (full 0):
 garbage-first heap   total 129024K, used 33568K [0x00000000c0000000, 0x0000000100000000)
  region size 1024K, 33 young (33792K), 3 survivors (3072K)
 Metaspace       used 13022K, committed 13504K, reserved 1114112K
  class space    used 1300K, committed 1536K, reserved 1048576K
}
Event: 6.936 GC heap after
{Heap after GC invocations=2 (full 0):
 garbage-first heap   total 129024K, used 16039K [0x00000000c0000000, 0x0000000100000000)
  region size 1024K, 5 young (5120K), 5 survivors (5120K)
 Metaspace       used 13022K, committed 13504K, reserved 1114112K
  class space    used 1300K, committed 1536K, reserved 1048576K
}
Event: 10.125 GC heap before
{Heap before GC invocations=2 (full 0):
 garbage-first heap   total 129024K, used 89767K [0x00000000c0000000, 0x0000000100000000)
  region size 1024K, 65 young (66560K), 5 survivors (5120K)
 Metaspace       used 19745K, committed 20416K, reserved 1114112K
  class space    used 2057K, committed 2368K, reserved 1048576K
}
Event: 10.141 GC heap after
{Heap after GC invocations=3 (full 0):
 garbage-first heap   total 129024K, used 26546K [0x00000000c0000000, 0x0000000100000000)
  region size 1024K, 9 young (9216K), 9 survivors (9216K)
 Metaspace       used 19745K, committed 20416K, reserved 1114112K
  class space    used 2057K, committed 2368K, reserved 1048576K
}
Event: 10.360 GC heap before
{Heap before GC invocations=3 (full 0):
 garbage-first heap   total 129024K, used 77746K [0x00000000c0000000, 0x0000000100000000)
  region size 1024K, 59 young (60416K), 9 survivors (9216K)
 Metaspace       used 19747K, committed 20416K, reserved 1114112K
  class space    used 2057K, committed 2368K, reserved 1048576K
}
Event: 10.370 GC heap after
{Heap after GC invocations=4 (full 0):
 garbage-first heap   total 129024K, used 28371K [0x00000000c0000000, 0x0000000100000000)
  region size 1024K, 2 young (2048K), 2 survivors (2048K)
 Metaspace       used 19747K, committed 20416K, reserved 1114112K
  class space    used 2057K, committed 2368K, reserved 1048576K
}
Event: 13.958 GC heap before
{Heap before GC invocations=4 (full 0):
 garbage-first heap   total 129024K, used 101075K [0x00000000c0000000, 0x0000000100000000)
  region size 1024K, 56 young (57344K), 2 survivors (2048K)
 Metaspace       used 20675K, committed 21440K, reserved 1114112K
  class space    used 2154K, committed 2496K, reserved 1048576K
}
Event: 13.969 GC heap after
{Heap after GC invocations=5 (full 0):
 garbage-first heap   total 129024K, used 36621K [0x00000000c0000000, 0x0000000100000000)
  region size 1024K, 7 young (7168K), 7 survivors (7168K)
 Metaspace       used 20675K, committed 21440K, reserved 1114112K
  class space    used 2154K, committed 2496K, reserved 1048576K
}
Event: 16.809 GC heap before
{Heap before GC invocations=5 (full 0):
 garbage-first heap   total 129024K, used 86797K [0x00000000c0000000, 0x0000000100000000)
  region size 1024K, 56 young (57344K), 7 survivors (7168K)
 Metaspace       used 20680K, committed 21440K, reserved 1114112K
  class space    used 2154K, committed 2496K, reserved 1048576K
}
Event: 16.816 GC heap after
{Heap after GC invocations=6 (full 0):
 garbage-first heap   total 129024K, used 37549K [0x00000000c0000000, 0x0000000100000000)
  region size 1024K, 3 young (3072K), 3 survivors (3072K)
 Metaspace       used 20680K, committed 21440K, reserved 1114112K
  class space    used 2154K, committed 2496K, reserved 1048576K
}
Event: 24.254 GC heap before
{Heap before GC invocations=6 (full 0):
 garbage-first heap   total 129024K, used 44717K [0x00000000c0000000, 0x0000000100000000)
  region size 1024K, 11 young (11264K), 3 survivors (3072K)
 Metaspace       used 20818K, committed 21504K, reserved 1114112K
  class space    used 2167K, committed 2496K, reserved 1048576K
}
Event: 24.258 GC heap after
{Heap after GC invocations=7 (full 0):
 garbage-first heap   total 129024K, used 35831K [0x00000000c0000000, 0x0000000100000000)
  region size 1024K, 1 young (1024K), 1 survivors (1024K)
 Metaspace       used 20818K, committed 21504K, reserved 1114112K
  class space    used 2167K, committed 2496K, reserved 1048576K
}
Event: 31.517 GC heap before
{Heap before GC invocations=8 (full 0):
 garbage-first heap   total 116736K, used 114679K [0x00000000c0000000, 0x0000000100000000)
  region size 1024K, 38 young (38912K), 1 survivors (1024K)
 Metaspace       used 23044K, committed 23744K, reserved 1114112K
  class space    used 2343K, committed 2688K, reserved 1048576K
}
Event: 31.525 GC heap after
{Heap after GC invocations=9 (full 0):
 garbage-first heap   total 125952K, used 41207K [0x00000000c0000000, 0x0000000100000000)
  region size 1024K, 8 young (8192K), 8 survivors (8192K)
 Metaspace       used 23044K, committed 23744K, reserved 1114112K
  class space    used 2343K, committed 2688K, reserved 1048576K
}
Event: 31.655 GC heap before
{Heap before GC invocations=9 (full 0):
 garbage-first heap   total 125952K, used 41207K [0x00000000c0000000, 0x0000000100000000)
  region size 1024K, 9 young (9216K), 8 survivors (8192K)
 Metaspace       used 23319K, committed 24000K, reserved 1114112K
  class space    used 2372K, committed 2688K, reserved 1048576K
}
Event: 31.662 GC heap after
{Heap after GC invocations=10 (full 0):
 garbage-first heap   total 125952K, used 36973K [0x00000000c0000000, 0x0000000100000000)
  region size 1024K, 1 young (1024K), 1 survivors (1024K)
 Metaspace       used 23319K, committed 24000K, reserved 1114112K
  class space    used 2372K, committed 2688K, reserved 1048576K
}
Event: 39.580 GC heap before
{Heap before GC invocations=10 (full 0):
 garbage-first heap   total 125952K, used 88173K [0x00000000c0000000, 0x0000000100000000)
  region size 1024K, 52 young (53248K), 1 survivors (1024K)
 Metaspace       used 25768K, committed 26496K, reserved 1114112K
  class space    used 2586K, committed 2944K, reserved 1048576K
}
Event: 39.592 GC heap after
{Heap after GC invocations=11 (full 0):
 garbage-first heap   total 125952K, used 40770K [0x00000000c0000000, 0x0000000100000000)
  region size 1024K, 5 young (5120K), 5 survivors (5120K)
 Metaspace       used 25768K, committed 26496K, reserved 1114112K
  class space    used 2586K, committed 2944K, reserved 1048576K
}
Event: 206.040 GC heap before
{Heap before GC invocations=11 (full 0):
 garbage-first heap   total 125952K, used 89922K [0x00000000c0000000, 0x0000000100000000)
  region size 1024K, 54 young (55296K), 5 survivors (5120K)
 Metaspace       used 25849K, committed 26560K, reserved 1114112K
  class space    used 2589K, committed 2944K, reserved 1048576K
}
Event: 206.066 GC heap after
{Heap after GC invocations=12 (full 0):
 garbage-first heap   total 125952K, used 43666K [0x00000000c0000000, 0x0000000100000000)
  region size 1024K, 3 young (3072K), 3 survivors (3072K)
 Metaspace       used 25849K, committed 26560K, reserved 1114112K
  class space    used 2589K, committed 2944K, reserved 1048576K
}

